

Started GET "/" for 127.0.0.1 at 2013-04-22 17:41:38 +0800
Processing by StatusController#index as HTML
  [1m[36mFeedEntry Exists (0.0ms)[0m  [1mSELECT 1 FROM "feed_entries" WHERE "feed_entries"."guid" = 'http://blog.offerchat.com/?p=940' LIMIT 1[0m
  [1m[35mFeedEntry Exists (0.0ms)[0m  SELECT 1 FROM "feed_entries" WHERE "feed_entries"."guid" = 'http://blog.offerchat.com/?p=934' LIMIT 1
  [1m[36mFeedEntry Exists (0.0ms)[0m  [1mSELECT 1 FROM "feed_entries" WHERE "feed_entries"."guid" = 'http://blog.offerchat.com/?p=918' LIMIT 1[0m
  [1m[35mFeedEntry Exists (0.0ms)[0m  SELECT 1 FROM "feed_entries" WHERE "feed_entries"."guid" = 'http://blog.offerchat.com/?p=911' LIMIT 1
  [1m[36mFeedEntry Exists (0.0ms)[0m  [1mSELECT 1 FROM "feed_entries" WHERE "feed_entries"."guid" = 'http://blog.offerchat.com/?p=894' LIMIT 1[0m
  [1m[35mFeedEntry Exists (0.0ms)[0m  SELECT 1 FROM "feed_entries" WHERE "feed_entries"."guid" = 'http://blog.offerchat.com/?p=882' LIMIT 1
  [1m[36mFeedEntry Exists (0.0ms)[0m  [1mSELECT 1 FROM "feed_entries" WHERE "feed_entries"."guid" = 'http://blog.offerchat.com/?p=872' LIMIT 1[0m
  [1m[35mFeedEntry Exists (1.0ms)[0m  SELECT 1 FROM "feed_entries" WHERE "feed_entries"."guid" = 'http://blog.offerchat.com/?p=867' LIMIT 1
  [1m[36mFeedEntry Exists (0.0ms)[0m  [1mSELECT 1 FROM "feed_entries" WHERE "feed_entries"."guid" = 'http://blog.offerchat.com/?p=856' LIMIT 1[0m
  [1m[35mFeedEntry Exists (0.0ms)[0m  SELECT 1 FROM "feed_entries" WHERE "feed_entries"."guid" = 'http://blog.offerchat.com/?p=845' LIMIT 1
  [1m[36mFeedEntry Load (0.0ms)[0m  [1mSELECT "feed_entries".* FROM "feed_entries" [0m
Completed 500 Internal Server Error in 2922ms

NoMethodError (undefined method `order' for #<Array:0x3f2c130>):
  app/controllers/status_controller.rb:4:in `index'


  Rendered C:/RailsInstaller/Ruby1.9.3/lib/ruby/gems/1.9.1/gems/actionpack-3.2.1/lib/action_dispatch/middleware/templates/rescues/_trace.erb (3.0ms)
  Rendered C:/RailsInstaller/Ruby1.9.3/lib/ruby/gems/1.9.1/gems/actionpack-3.2.1/lib/action_dispatch/middleware/templates/rescues/_request_and_response.erb (1.0ms)
  Rendered C:/RailsInstaller/Ruby1.9.3/lib/ruby/gems/1.9.1/gems/actionpack-3.2.1/lib/action_dispatch/middleware/templates/rescues/diagnostics.erb within rescues/layout (34.0ms)


Started GET "/" for 127.0.0.1 at 2013-04-22 17:41:54 +0800
Processing by StatusController#index as HTML
  [1m[35mFeedEntry Exists (0.0ms)[0m  SELECT 1 FROM "feed_entries" WHERE "feed_entries"."guid" = 'http://blog.offerchat.com/?p=940' LIMIT 1
  [1m[36mFeedEntry Exists (1.0ms)[0m  [1mSELECT 1 FROM "feed_entries" WHERE "feed_entries"."guid" = 'http://blog.offerchat.com/?p=934' LIMIT 1[0m
  [1m[35mFeedEntry Exists (1.0ms)[0m  SELECT 1 FROM "feed_entries" WHERE "feed_entries"."guid" = 'http://blog.offerchat.com/?p=918' LIMIT 1
  [1m[36mFeedEntry Exists (1.0ms)[0m  [1mSELECT 1 FROM "feed_entries" WHERE "feed_entries"."guid" = 'http://blog.offerchat.com/?p=911' LIMIT 1[0m
  [1m[35mFeedEntry Exists (1.0ms)[0m  SELECT 1 FROM "feed_entries" WHERE "feed_entries"."guid" = 'http://blog.offerchat.com/?p=894' LIMIT 1
  [1m[36mFeedEntry Exists (1.0ms)[0m  [1mSELECT 1 FROM "feed_entries" WHERE "feed_entries"."guid" = 'http://blog.offerchat.com/?p=882' LIMIT 1[0m
  [1m[35mFeedEntry Exists (1.0ms)[0m  SELECT 1 FROM "feed_entries" WHERE "feed_entries"."guid" = 'http://blog.offerchat.com/?p=872' LIMIT 1
  [1m[36mFeedEntry Exists (0.0ms)[0m  [1mSELECT 1 FROM "feed_entries" WHERE "feed_entries"."guid" = 'http://blog.offerchat.com/?p=867' LIMIT 1[0m
  [1m[35mFeedEntry Exists (1.0ms)[0m  SELECT 1 FROM "feed_entries" WHERE "feed_entries"."guid" = 'http://blog.offerchat.com/?p=856' LIMIT 1
  [1m[36mFeedEntry Exists (0.0ms)[0m  [1mSELECT 1 FROM "feed_entries" WHERE "feed_entries"."guid" = 'http://blog.offerchat.com/?p=845' LIMIT 1[0m
  [1m[35mFeedEntry Load (1.0ms)[0m  SELECT "feed_entries".* FROM "feed_entries" ORDER BY published_at ASC
  Rendered status/index.html.erb within layouts/application (27.0ms)
  Rendered layouts/_header.html.erb (1.0ms)
  Rendered layouts/_footer.html.erb (2.0ms)
Completed 200 OK in 2543ms (Views: 84.0ms | ActiveRecord: 9.0ms)


Started GET "/assets/application.css?body=1" for 127.0.0.1 at 2013-04-22 17:41:57 +0800
Served asset /application.css - 304 Not Modified (14ms)


Started GET "/assets/grid-reset.css?body=1" for 127.0.0.1 at 2013-04-22 17:41:57 +0800
Served asset /grid-reset.css - 304 Not Modified (3ms)


Started GET "/assets/landing-concept.css?body=1" for 127.0.0.1 at 2013-04-22 17:41:57 +0800
Served asset /landing-concept.css - 304 Not Modified (1ms)


Started GET "/assets/status.css?body=1" for 127.0.0.1 at 2013-04-22 17:41:57 +0800
Served asset /status.css - 304 Not Modified (23ms)


Started GET "/assets/loader.css?body=1" for 127.0.0.1 at 2013-04-22 17:41:57 +0800
Served asset /loader.css - 304 Not Modified (2ms)


Started GET "/assets/base.css?body=1" for 127.0.0.1 at 2013-04-22 17:41:57 +0800
Served asset /base.css - 304 Not Modified (2ms)


Started GET "/assets/style.css?body=1" for 127.0.0.1 at 2013-04-22 17:41:57 +0800
Served asset /style.css - 304 Not Modified (11ms)


Started GET "/assets/jquery.js?body=1" for 127.0.0.1 at 2013-04-22 17:41:57 +0800
Served asset /jquery.js - 304 Not Modified (6ms)


Started GET "/assets/jquery_ujs.js?body=1" for 127.0.0.1 at 2013-04-22 17:41:57 +0800
Served asset /jquery_ujs.js - 304 Not Modified (5ms)


Started GET "/assets/application.js?body=1" for 127.0.0.1 at 2013-04-22 17:41:57 +0800
Served asset /application.js - 304 Not Modified (5ms)


Started GET "/assets/website_live.png" for 127.0.0.1 at 2013-04-22 17:41:58 +0800
Served asset /website_live.png - 304 Not Modified (2ms)


Started GET "/assets/logo.png" for 127.0.0.1 at 2013-04-22 17:41:58 +0800
Served asset /logo.png - 304 Not Modified (59ms)


Started GET "/assets/server.png" for 127.0.0.1 at 2013-04-22 17:41:58 +0800
Served asset /server.png - 304 Not Modified (3ms)


Started GET "/" for 127.0.0.1 at 2013-04-22 17:42:13 +0800
Processing by StatusController#index as HTML
  [1m[36mFeedEntry Exists (0.0ms)[0m  [1mSELECT 1 FROM "feed_entries" WHERE "feed_entries"."guid" = 'http://blog.offerchat.com/?p=940' LIMIT 1[0m
  [1m[35mFeedEntry Exists (1.0ms)[0m  SELECT 1 FROM "feed_entries" WHERE "feed_entries"."guid" = 'http://blog.offerchat.com/?p=934' LIMIT 1
  [1m[36mFeedEntry Exists (1.0ms)[0m  [1mSELECT 1 FROM "feed_entries" WHERE "feed_entries"."guid" = 'http://blog.offerchat.com/?p=918' LIMIT 1[0m
  [1m[35mFeedEntry Exists (0.0ms)[0m  SELECT 1 FROM "feed_entries" WHERE "feed_entries"."guid" = 'http://blog.offerchat.com/?p=911' LIMIT 1
  [1m[36mFeedEntry Exists (0.0ms)[0m  [1mSELECT 1 FROM "feed_entries" WHERE "feed_entries"."guid" = 'http://blog.offerchat.com/?p=894' LIMIT 1[0m
  [1m[35mFeedEntry Exists (1.0ms)[0m  SELECT 1 FROM "feed_entries" WHERE "feed_entries"."guid" = 'http://blog.offerchat.com/?p=882' LIMIT 1
  [1m[36mFeedEntry Exists (1.0ms)[0m  [1mSELECT 1 FROM "feed_entries" WHERE "feed_entries"."guid" = 'http://blog.offerchat.com/?p=872' LIMIT 1[0m
  [1m[35mFeedEntry Exists (1.0ms)[0m  SELECT 1 FROM "feed_entries" WHERE "feed_entries"."guid" = 'http://blog.offerchat.com/?p=867' LIMIT 1
  [1m[36mFeedEntry Exists (1.0ms)[0m  [1mSELECT 1 FROM "feed_entries" WHERE "feed_entries"."guid" = 'http://blog.offerchat.com/?p=856' LIMIT 1[0m
  [1m[35mFeedEntry Exists (0.0ms)[0m  SELECT 1 FROM "feed_entries" WHERE "feed_entries"."guid" = 'http://blog.offerchat.com/?p=845' LIMIT 1
  [1m[36mFeedEntry Load (0.0ms)[0m  [1mSELECT "feed_entries".* FROM "feed_entries" ORDER BY published_at DESC[0m
  Rendered status/index.html.erb within layouts/application (32.0ms)
  Rendered layouts/_header.html.erb (0.0ms)
  Rendered layouts/_footer.html.erb (1.0ms)
Completed 200 OK in 2574ms (Views: 51.0ms | ActiveRecord: 7.0ms)


Started GET "/assets/application.css?body=1" for 127.0.0.1 at 2013-04-22 17:42:16 +0800
Served asset /application.css - 304 Not Modified (7ms)


Started GET "/assets/grid-reset.css?body=1" for 127.0.0.1 at 2013-04-22 17:42:16 +0800
Served asset /grid-reset.css - 304 Not Modified (0ms)


Started GET "/assets/base.css?body=1" for 127.0.0.1 at 2013-04-22 17:42:16 +0800
Served asset /base.css - 304 Not Modified (0ms)


Started GET "/assets/status.css?body=1" for 127.0.0.1 at 2013-04-22 17:42:16 +0800
Served asset /status.css - 304 Not Modified (0ms)


Started GET "/assets/loader.css?body=1" for 127.0.0.1 at 2013-04-22 17:42:16 +0800
Served asset /loader.css - 304 Not Modified (0ms)


Started GET "/assets/landing-concept.css?body=1" for 127.0.0.1 at 2013-04-22 17:42:16 +0800
Served asset /landing-concept.css - 304 Not Modified (0ms)


Started GET "/assets/style.css?body=1" for 127.0.0.1 at 2013-04-22 17:42:16 +0800
Served asset /style.css - 304 Not Modified (3ms)


Started GET "/assets/jquery.js?body=1" for 127.0.0.1 at 2013-04-22 17:42:16 +0800
Served asset /jquery.js - 304 Not Modified (0ms)


Started GET "/assets/jquery_ujs.js?body=1" for 127.0.0.1 at 2013-04-22 17:42:16 +0800
Served asset /jquery_ujs.js - 304 Not Modified (0ms)


Started GET "/assets/application.js?body=1" for 127.0.0.1 at 2013-04-22 17:42:16 +0800
Served asset /application.js - 304 Not Modified (0ms)


Started GET "/assets/logo.png" for 127.0.0.1 at 2013-04-22 17:42:17 +0800
Served asset /logo.png - 304 Not Modified (0ms)


Started GET "/assets/server.png" for 127.0.0.1 at 2013-04-22 17:42:17 +0800
Served asset /server.png - 304 Not Modified (0ms)


Started GET "/assets/website_live.png" for 127.0.0.1 at 2013-04-22 17:42:17 +0800
Served asset /website_live.png - 304 Not Modified (0ms)


Started GET "/" for 127.0.0.1 at 2013-04-22 17:43:35 +0800
Processing by StatusController#index as HTML
  [1m[35mFeedEntry Exists (1.0ms)[0m  SELECT 1 FROM "feed_entries" WHERE "feed_entries"."guid" = 'http://blog.offerchat.com/?p=940' LIMIT 1
  [1m[36mFeedEntry Exists (1.0ms)[0m  [1mSELECT 1 FROM "feed_entries" WHERE "feed_entries"."guid" = 'http://blog.offerchat.com/?p=934' LIMIT 1[0m
  [1m[35mFeedEntry Exists (0.0ms)[0m  SELECT 1 FROM "feed_entries" WHERE "feed_entries"."guid" = 'http://blog.offerchat.com/?p=918' LIMIT 1
  [1m[36mFeedEntry Exists (0.0ms)[0m  [1mSELECT 1 FROM "feed_entries" WHERE "feed_entries"."guid" = 'http://blog.offerchat.com/?p=911' LIMIT 1[0m
  [1m[35mFeedEntry Exists (1.0ms)[0m  SELECT 1 FROM "feed_entries" WHERE "feed_entries"."guid" = 'http://blog.offerchat.com/?p=894' LIMIT 1
  [1m[36mFeedEntry Exists (1.0ms)[0m  [1mSELECT 1 FROM "feed_entries" WHERE "feed_entries"."guid" = 'http://blog.offerchat.com/?p=882' LIMIT 1[0m
  [1m[35mFeedEntry Exists (0.0ms)[0m  SELECT 1 FROM "feed_entries" WHERE "feed_entries"."guid" = 'http://blog.offerchat.com/?p=872' LIMIT 1
  [1m[36mFeedEntry Exists (0.0ms)[0m  [1mSELECT 1 FROM "feed_entries" WHERE "feed_entries"."guid" = 'http://blog.offerchat.com/?p=867' LIMIT 1[0m
  [1m[35mFeedEntry Exists (0.0ms)[0m  SELECT 1 FROM "feed_entries" WHERE "feed_entries"."guid" = 'http://blog.offerchat.com/?p=856' LIMIT 1
  [1m[36mFeedEntry Exists (0.0ms)[0m  [1mSELECT 1 FROM "feed_entries" WHERE "feed_entries"."guid" = 'http://blog.offerchat.com/?p=845' LIMIT 1[0m
  [1m[35mFeedEntry Load (1.0ms)[0m  SELECT "feed_entries".* FROM "feed_entries" ORDER BY published_at DESC
  Rendered status/index.html.erb within layouts/application (6.0ms)
  Rendered layouts/_header.html.erb (1.0ms)
  Rendered layouts/_footer.html.erb (21.0ms)
Completed 200 OK in 2399ms (Views: 49.0ms | ActiveRecord: 5.0ms)


Started GET "/assets/base.css?body=1" for 127.0.0.1 at 2013-04-22 17:43:37 +0800
Served asset /base.css - 304 Not Modified (0ms)


Started GET "/assets/grid-reset.css?body=1" for 127.0.0.1 at 2013-04-22 17:43:37 +0800
Served asset /grid-reset.css - 304 Not Modified (0ms)


Started GET "/assets/status.css?body=1" for 127.0.0.1 at 2013-04-22 17:43:37 +0800
Served asset /status.css - 304 Not Modified (0ms)


Started GET "/assets/landing-concept.css?body=1" for 127.0.0.1 at 2013-04-22 17:43:37 +0800
Served asset /landing-concept.css - 304 Not Modified (0ms)


Started GET "/assets/loader.css?body=1" for 127.0.0.1 at 2013-04-22 17:43:37 +0800
Served asset /loader.css - 304 Not Modified (0ms)


Started GET "/assets/application.css?body=1" for 127.0.0.1 at 2013-04-22 17:43:37 +0800
Served asset /application.css - 304 Not Modified (2ms)


Started GET "/assets/style.css?body=1" for 127.0.0.1 at 2013-04-22 17:43:37 +0800
Served asset /style.css - 304 Not Modified (4ms)


Started GET "/assets/jquery.js?body=1" for 127.0.0.1 at 2013-04-22 17:43:37 +0800
Served asset /jquery.js - 304 Not Modified (0ms)


Started GET "/assets/jquery_ujs.js?body=1" for 127.0.0.1 at 2013-04-22 17:43:37 +0800
Served asset /jquery_ujs.js - 304 Not Modified (0ms)


Started GET "/assets/application.js?body=1" for 127.0.0.1 at 2013-04-22 17:43:37 +0800
Served asset /application.js - 304 Not Modified (0ms)


Started GET "/assets/logo.png" for 127.0.0.1 at 2013-04-22 17:43:38 +0800
Served asset /logo.png - 304 Not Modified (0ms)


Started GET "/assets/website_live.png" for 127.0.0.1 at 2013-04-22 17:43:38 +0800
Served asset /website_live.png - 304 Not Modified (3ms)


Started GET "/assets/server.png" for 127.0.0.1 at 2013-04-22 17:43:38 +0800
Served asset /server.png - 304 Not Modified (2ms)


Started GET "/" for 127.0.0.1 at 2013-04-22 17:44:00 +0800
Processing by StatusController#index as HTML
  [1m[36mFeedEntry Exists (1.0ms)[0m  [1mSELECT 1 FROM "feed_entries" WHERE "feed_entries"."guid" = 'http://blog.offerchat.com/?p=940' LIMIT 1[0m
  [1m[35mFeedEntry Exists (1.0ms)[0m  SELECT 1 FROM "feed_entries" WHERE "feed_entries"."guid" = 'http://blog.offerchat.com/?p=934' LIMIT 1
  [1m[36mFeedEntry Exists (1.0ms)[0m  [1mSELECT 1 FROM "feed_entries" WHERE "feed_entries"."guid" = 'http://blog.offerchat.com/?p=918' LIMIT 1[0m
  [1m[35mFeedEntry Exists (1.0ms)[0m  SELECT 1 FROM "feed_entries" WHERE "feed_entries"."guid" = 'http://blog.offerchat.com/?p=911' LIMIT 1
  [1m[36mFeedEntry Exists (0.0ms)[0m  [1mSELECT 1 FROM "feed_entries" WHERE "feed_entries"."guid" = 'http://blog.offerchat.com/?p=894' LIMIT 1[0m
  [1m[35mFeedEntry Exists (0.0ms)[0m  SELECT 1 FROM "feed_entries" WHERE "feed_entries"."guid" = 'http://blog.offerchat.com/?p=882' LIMIT 1
  [1m[36mFeedEntry Exists (1.0ms)[0m  [1mSELECT 1 FROM "feed_entries" WHERE "feed_entries"."guid" = 'http://blog.offerchat.com/?p=872' LIMIT 1[0m
  [1m[35mFeedEntry Exists (1.0ms)[0m  SELECT 1 FROM "feed_entries" WHERE "feed_entries"."guid" = 'http://blog.offerchat.com/?p=867' LIMIT 1
  [1m[36mFeedEntry Exists (0.0ms)[0m  [1mSELECT 1 FROM "feed_entries" WHERE "feed_entries"."guid" = 'http://blog.offerchat.com/?p=856' LIMIT 1[0m
  [1m[35mFeedEntry Exists (0.0ms)[0m  SELECT 1 FROM "feed_entries" WHERE "feed_entries"."guid" = 'http://blog.offerchat.com/?p=845' LIMIT 1
  [1m[36mFeedEntry Load (0.0ms)[0m  [1mSELECT "feed_entries".* FROM "feed_entries" ORDER BY published_at DESC[0m
  Rendered status/index.html.erb within layouts/application (6.0ms)
  Rendered layouts/_header.html.erb (0.0ms)
  Rendered layouts/_footer.html.erb (1.0ms)
Completed 200 OK in 2459ms (Views: 29.0ms | ActiveRecord: 6.0ms)


Started GET "/assets/application.css?body=1" for 127.0.0.1 at 2013-04-22 17:44:03 +0800
Served asset /application.css - 304 Not Modified (8ms)


Started GET "/assets/grid-reset.css?body=1" for 127.0.0.1 at 2013-04-22 17:44:03 +0800
Served asset /grid-reset.css - 304 Not Modified (0ms)


Started GET "/assets/status.css?body=1" for 127.0.0.1 at 2013-04-22 17:44:03 +0800
Served asset /status.css - 304 Not Modified (0ms)


Started GET "/assets/loader.css?body=1" for 127.0.0.1 at 2013-04-22 17:44:03 +0800
Served asset /loader.css - 304 Not Modified (0ms)


Started GET "/assets/base.css?body=1" for 127.0.0.1 at 2013-04-22 17:44:03 +0800
Served asset /base.css - 304 Not Modified (0ms)


Started GET "/assets/landing-concept.css?body=1" for 127.0.0.1 at 2013-04-22 17:44:03 +0800
Served asset /landing-concept.css - 304 Not Modified (0ms)


Started GET "/assets/style.css?body=1" for 127.0.0.1 at 2013-04-22 17:44:03 +0800
Served asset /style.css - 304 Not Modified (1ms)


Started GET "/assets/jquery.js?body=1" for 127.0.0.1 at 2013-04-22 17:44:03 +0800
Served asset /jquery.js - 304 Not Modified (1ms)


Started GET "/assets/jquery_ujs.js?body=1" for 127.0.0.1 at 2013-04-22 17:44:03 +0800
Served asset /jquery_ujs.js - 304 Not Modified (0ms)


Started GET "/assets/application.js?body=1" for 127.0.0.1 at 2013-04-22 17:44:03 +0800
Served asset /application.js - 304 Not Modified (0ms)


Started GET "/assets/website_live.png" for 127.0.0.1 at 2013-04-22 17:44:04 +0800
Served asset /website_live.png - 304 Not Modified (0ms)


Started GET "/assets/logo.png" for 127.0.0.1 at 2013-04-22 17:44:04 +0800
Served asset /logo.png - 304 Not Modified (0ms)


Started GET "/assets/server.png" for 127.0.0.1 at 2013-04-22 17:44:04 +0800
Served asset /server.png - 304 Not Modified (1ms)


Started GET "/" for 127.0.0.1 at 2013-04-22 17:51:05 +0800
Processing by StatusController#index as HTML
  [1m[35mFeedEntry Exists (1.0ms)[0m  SELECT 1 FROM "feed_entries" WHERE "feed_entries"."guid" = 'http://blog.offerchat.com/?p=940' LIMIT 1
  [1m[36mFeedEntry Exists (1.0ms)[0m  [1mSELECT 1 FROM "feed_entries" WHERE "feed_entries"."guid" = 'http://blog.offerchat.com/?p=934' LIMIT 1[0m
  [1m[35mFeedEntry Exists (0.0ms)[0m  SELECT 1 FROM "feed_entries" WHERE "feed_entries"."guid" = 'http://blog.offerchat.com/?p=918' LIMIT 1
  [1m[36mFeedEntry Exists (0.0ms)[0m  [1mSELECT 1 FROM "feed_entries" WHERE "feed_entries"."guid" = 'http://blog.offerchat.com/?p=911' LIMIT 1[0m
  [1m[35mFeedEntry Exists (0.0ms)[0m  SELECT 1 FROM "feed_entries" WHERE "feed_entries"."guid" = 'http://blog.offerchat.com/?p=894' LIMIT 1
  [1m[36mFeedEntry Exists (1.0ms)[0m  [1mSELECT 1 FROM "feed_entries" WHERE "feed_entries"."guid" = 'http://blog.offerchat.com/?p=882' LIMIT 1[0m
  [1m[35mFeedEntry Exists (0.0ms)[0m  SELECT 1 FROM "feed_entries" WHERE "feed_entries"."guid" = 'http://blog.offerchat.com/?p=872' LIMIT 1
  [1m[36mFeedEntry Exists (0.0ms)[0m  [1mSELECT 1 FROM "feed_entries" WHERE "feed_entries"."guid" = 'http://blog.offerchat.com/?p=867' LIMIT 1[0m
  [1m[35mFeedEntry Exists (0.0ms)[0m  SELECT 1 FROM "feed_entries" WHERE "feed_entries"."guid" = 'http://blog.offerchat.com/?p=856' LIMIT 1
  [1m[36mFeedEntry Exists (0.0ms)[0m  [1mSELECT 1 FROM "feed_entries" WHERE "feed_entries"."guid" = 'http://blog.offerchat.com/?p=845' LIMIT 1[0m
Completed 500 Internal Server Error in 4342ms

NameError (uninitialized constant StatusController::Net):
  app/controllers/status_controller.rb:18:in `pingSite'
  app/controllers/status_controller.rb:6:in `index'


  Rendered C:/RailsInstaller/Ruby1.9.3/lib/ruby/gems/1.9.1/gems/actionpack-3.2.1/lib/action_dispatch/middleware/templates/rescues/_trace.erb (3.0ms)
  Rendered C:/RailsInstaller/Ruby1.9.3/lib/ruby/gems/1.9.1/gems/actionpack-3.2.1/lib/action_dispatch/middleware/templates/rescues/_request_and_response.erb (1.0ms)
  Rendered C:/RailsInstaller/Ruby1.9.3/lib/ruby/gems/1.9.1/gems/actionpack-3.2.1/lib/action_dispatch/middleware/templates/rescues/diagnostics.erb within rescues/layout (9.0ms)


Started GET "/" for 127.0.0.1 at 2013-04-22 17:51:26 +0800
Processing by StatusController#index as HTML
  [1m[35mFeedEntry Exists (1.0ms)[0m  SELECT 1 FROM "feed_entries" WHERE "feed_entries"."guid" = 'http://blog.offerchat.com/?p=940' LIMIT 1
  [1m[36mFeedEntry Exists (0.0ms)[0m  [1mSELECT 1 FROM "feed_entries" WHERE "feed_entries"."guid" = 'http://blog.offerchat.com/?p=934' LIMIT 1[0m
  [1m[35mFeedEntry Exists (0.0ms)[0m  SELECT 1 FROM "feed_entries" WHERE "feed_entries"."guid" = 'http://blog.offerchat.com/?p=918' LIMIT 1
  [1m[36mFeedEntry Exists (0.0ms)[0m  [1mSELECT 1 FROM "feed_entries" WHERE "feed_entries"."guid" = 'http://blog.offerchat.com/?p=911' LIMIT 1[0m
  [1m[35mFeedEntry Exists (0.0ms)[0m  SELECT 1 FROM "feed_entries" WHERE "feed_entries"."guid" = 'http://blog.offerchat.com/?p=894' LIMIT 1
  [1m[36mFeedEntry Exists (0.0ms)[0m  [1mSELECT 1 FROM "feed_entries" WHERE "feed_entries"."guid" = 'http://blog.offerchat.com/?p=882' LIMIT 1[0m
  [1m[35mFeedEntry Exists (1.0ms)[0m  SELECT 1 FROM "feed_entries" WHERE "feed_entries"."guid" = 'http://blog.offerchat.com/?p=872' LIMIT 1
  [1m[36mFeedEntry Exists (0.0ms)[0m  [1mSELECT 1 FROM "feed_entries" WHERE "feed_entries"."guid" = 'http://blog.offerchat.com/?p=867' LIMIT 1[0m
  [1m[35mFeedEntry Exists (0.0ms)[0m  SELECT 1 FROM "feed_entries" WHERE "feed_entries"."guid" = 'http://blog.offerchat.com/?p=856' LIMIT 1
  [1m[36mFeedEntry Exists (0.0ms)[0m  [1mSELECT 1 FROM "feed_entries" WHERE "feed_entries"."guid" = 'http://blog.offerchat.com/?p=845' LIMIT 1[0m
  [1m[35mFeedEntry Load (0.0ms)[0m  SELECT "feed_entries".* FROM "feed_entries" ORDER BY published_at DESC
  Rendered status/index.html.erb within layouts/application (13.0ms)
  Rendered layouts/_header.html.erb (1.0ms)
  Rendered layouts/_footer.html.erb (1.0ms)
Completed 200 OK in 5389ms (Views: 31.0ms | ActiveRecord: 3.0ms)


Started GET "/assets/grid-reset.css?body=1" for 127.0.0.1 at 2013-04-22 17:51:32 +0800
Served asset /grid-reset.css - 304 Not Modified (0ms)


Started GET "/assets/status.css?body=1" for 127.0.0.1 at 2013-04-22 17:51:32 +0800
Served asset /status.css - 304 Not Modified (0ms)


Started GET "/assets/loader.css?body=1" for 127.0.0.1 at 2013-04-22 17:51:32 +0800
Served asset /loader.css - 304 Not Modified (0ms)


Started GET "/assets/landing-concept.css?body=1" for 127.0.0.1 at 2013-04-22 17:51:32 +0800
Served asset /landing-concept.css - 304 Not Modified (0ms)


Started GET "/assets/base.css?body=1" for 127.0.0.1 at 2013-04-22 17:51:32 +0800
Served asset /base.css - 304 Not Modified (0ms)


Started GET "/assets/application.css?body=1" for 127.0.0.1 at 2013-04-22 17:51:32 +0800
Served asset /application.css - 304 Not Modified (2ms)


Started GET "/assets/style.css?body=1" for 127.0.0.1 at 2013-04-22 17:51:32 +0800
Served asset /style.css - 304 Not Modified (0ms)


Started GET "/assets/jquery_ujs.js?body=1" for 127.0.0.1 at 2013-04-22 17:51:32 +0800
Served asset /jquery_ujs.js - 304 Not Modified (0ms)


Started GET "/assets/jquery.js?body=1" for 127.0.0.1 at 2013-04-22 17:51:32 +0800
Served asset /jquery.js - 304 Not Modified (0ms)


Started GET "/assets/application.js?body=1" for 127.0.0.1 at 2013-04-22 17:51:32 +0800
Served asset /application.js - 304 Not Modified (0ms)


Started GET "/assets/website_live.png" for 127.0.0.1 at 2013-04-22 17:51:33 +0800
Served asset /website_live.png - 304 Not Modified (2ms)


Started GET "/assets/logo.png" for 127.0.0.1 at 2013-04-22 17:51:33 +0800
Served asset /logo.png - 304 Not Modified (0ms)


Started GET "/" for 127.0.0.1 at 2013-04-22 17:53:01 +0800
Processing by StatusController#index as HTML
  [1m[36mFeedEntry Exists (0.0ms)[0m  [1mSELECT 1 FROM "feed_entries" WHERE "feed_entries"."guid" = 'http://blog.offerchat.com/?p=940' LIMIT 1[0m
  [1m[35mFeedEntry Exists (1.0ms)[0m  SELECT 1 FROM "feed_entries" WHERE "feed_entries"."guid" = 'http://blog.offerchat.com/?p=934' LIMIT 1
  [1m[36mFeedEntry Exists (1.0ms)[0m  [1mSELECT 1 FROM "feed_entries" WHERE "feed_entries"."guid" = 'http://blog.offerchat.com/?p=918' LIMIT 1[0m
  [1m[35mFeedEntry Exists (1.0ms)[0m  SELECT 1 FROM "feed_entries" WHERE "feed_entries"."guid" = 'http://blog.offerchat.com/?p=911' LIMIT 1
  [1m[36mFeedEntry Exists (0.0ms)[0m  [1mSELECT 1 FROM "feed_entries" WHERE "feed_entries"."guid" = 'http://blog.offerchat.com/?p=894' LIMIT 1[0m
  [1m[35mFeedEntry Exists (1.0ms)[0m  SELECT 1 FROM "feed_entries" WHERE "feed_entries"."guid" = 'http://blog.offerchat.com/?p=882' LIMIT 1
  [1m[36mFeedEntry Exists (0.0ms)[0m  [1mSELECT 1 FROM "feed_entries" WHERE "feed_entries"."guid" = 'http://blog.offerchat.com/?p=872' LIMIT 1[0m
  [1m[35mFeedEntry Exists (0.0ms)[0m  SELECT 1 FROM "feed_entries" WHERE "feed_entries"."guid" = 'http://blog.offerchat.com/?p=867' LIMIT 1
  [1m[36mFeedEntry Exists (0.0ms)[0m  [1mSELECT 1 FROM "feed_entries" WHERE "feed_entries"."guid" = 'http://blog.offerchat.com/?p=856' LIMIT 1[0m
  [1m[35mFeedEntry Exists (0.0ms)[0m  SELECT 1 FROM "feed_entries" WHERE "feed_entries"."guid" = 'http://blog.offerchat.com/?p=845' LIMIT 1
  [1m[36mFeedEntry Load (1.0ms)[0m  [1mSELECT "feed_entries".* FROM "feed_entries" ORDER BY published_at DESC[0m
  Rendered status/index.html.erb within layouts/application (14.0ms)
  Rendered layouts/_header.html.erb (1.0ms)
  Rendered layouts/_footer.html.erb (1.0ms)
Completed 200 OK in 4871ms (Views: 55.0ms | ActiveRecord: 5.0ms)


Started GET "/assets/landing-concept.css?body=1" for 127.0.0.1 at 2013-04-22 17:53:06 +0800
Served asset /landing-concept.css - 304 Not Modified (0ms)


Started GET "/assets/grid-reset.css?body=1" for 127.0.0.1 at 2013-04-22 17:53:06 +0800
Served asset /grid-reset.css - 304 Not Modified (0ms)


Started GET "/assets/loader.css?body=1" for 127.0.0.1 at 2013-04-22 17:53:06 +0800
Served asset /loader.css - 304 Not Modified (0ms)


Started GET "/assets/application.css?body=1" for 127.0.0.1 at 2013-04-22 17:53:06 +0800
Served asset /application.css - 304 Not Modified (2ms)


Started GET "/assets/base.css?body=1" for 127.0.0.1 at 2013-04-22 17:53:06 +0800
Served asset /base.css - 304 Not Modified (0ms)


Started GET "/assets/status.css?body=1" for 127.0.0.1 at 2013-04-22 17:53:06 +0800
Served asset /status.css - 304 Not Modified (0ms)


Started GET "/assets/jquery.js?body=1" for 127.0.0.1 at 2013-04-22 17:53:07 +0800
Served asset /jquery.js - 304 Not Modified (0ms)


Started GET "/assets/style.css?body=1" for 127.0.0.1 at 2013-04-22 17:53:07 +0800
Served asset /style.css - 304 Not Modified (3ms)


Started GET "/assets/jquery_ujs.js?body=1" for 127.0.0.1 at 2013-04-22 17:53:07 +0800
Served asset /jquery_ujs.js - 304 Not Modified (0ms)


Started GET "/assets/application.js?body=1" for 127.0.0.1 at 2013-04-22 17:53:07 +0800
Served asset /application.js - 304 Not Modified (0ms)


Started GET "/assets/logo.png" for 127.0.0.1 at 2013-04-22 17:53:07 +0800
Served asset /logo.png - 304 Not Modified (0ms)


Started GET "/assets/website_live.png" for 127.0.0.1 at 2013-04-22 17:53:07 +0800
Served asset /website_live.png - 304 Not Modified (1ms)
